d:\engineslist\px\mujoco\24\04\25\mjmod\bvs\_deps\qhull-build\qhullstatic_r.dir\release\userprintf_rbox_r.obj
d:\engineslist\px\mujoco\24\04\25\mjmod\bvs\_deps\qhull-build\qhullstatic_r.dir\release\rboxlib_r.obj
d:\engineslist\px\mujoco\24\04\25\mjmod\bvs\_deps\qhull-build\qhullstatic_r.dir\release\accessors_r.obj
d:\engineslist\px\mujoco\24\04\25\mjmod\bvs\_deps\qhull-build\qhullstatic_r.dir\release\user_r.obj
d:\engineslist\px\mujoco\24\04\25\mjmod\bvs\_deps\qhull-build\qhullstatic_r.dir\release\io_r.obj
d:\engineslist\px\mujoco\24\04\25\mjmod\bvs\_deps\qhull-build\qhullstatic_r.dir\release\userprintf_r.obj
d:\engineslist\px\mujoco\24\04\25\mjmod\bvs\_deps\qhull-build\qhullstatic_r.dir\release\usermem_r.obj
d:\engineslist\px\mujoco\24\04\25\mjmod\bvs\_deps\qhull-build\qhullstatic_r.dir\release\random_r.obj
d:\engineslist\px\mujoco\24\04\25\mjmod\bvs\_deps\qhull-build\qhullstatic_r.dir\release\mem_r.obj
d:\engineslist\px\mujoco\24\04\25\mjmod\bvs\_deps\qhull-build\qhullstatic_r.dir\release\qset_r.obj
d:\engineslist\px\mujoco\24\04\25\mjmod\bvs\_deps\qhull-build\qhullstatic_r.dir\release\poly_r.obj
d:\engineslist\px\mujoco\24\04\25\mjmod\bvs\_deps\qhull-build\qhullstatic_r.dir\release\geom_r.obj
d:\engineslist\px\mujoco\24\04\25\mjmod\bvs\_deps\qhull-build\qhullstatic_r.dir\release\libqhull_r.obj
d:\engineslist\px\mujoco\24\04\25\mjmod\bvs\_deps\qhull-build\qhullstatic_r.dir\release\merge_r.obj
d:\engineslist\px\mujoco\24\04\25\mjmod\bvs\_deps\qhull-build\qhullstatic_r.dir\release\poly2_r.obj
d:\engineslist\px\mujoco\24\04\25\mjmod\bvs\_deps\qhull-build\qhullstatic_r.dir\release\geom2_r.obj
d:\engineslist\px\mujoco\24\04\25\mjmod\bvs\_deps\qhull-build\qhullstatic_r.dir\release\stat_r.obj
d:\engineslist\px\mujoco\24\04\25\mjmod\bvs\_deps\qhull-build\qhullstatic_r.dir\release\global_r.obj
d:\engineslist\px\mujoco\24\04\25\mjmod\bvs\_deps\qhull-build\cmakefiles\generate.stamp
d:\engineslist\px\mujoco\24\04\25\mjmod\bvs\lib\release\qhullstatic_r.lib
d:\engineslist\px\mujoco\24\04\25\mjmod\bvs\_deps\qhull-build\qhullstatic_r.dir\release\qhullstatic_r.tlog\cl.command.1.tlog
d:\engineslist\px\mujoco\24\04\25\mjmod\bvs\_deps\qhull-build\qhullstatic_r.dir\release\qhullstatic_r.tlog\cl.items.tlog
d:\engineslist\px\mujoco\24\04\25\mjmod\bvs\_deps\qhull-build\qhullstatic_r.dir\release\qhullstatic_r.tlog\cl.read.1.tlog
d:\engineslist\px\mujoco\24\04\25\mjmod\bvs\_deps\qhull-build\qhullstatic_r.dir\release\qhullstatic_r.tlog\cl.write.1.tlog
d:\engineslist\px\mujoco\24\04\25\mjmod\bvs\_deps\qhull-build\qhullstatic_r.dir\release\qhullstatic_r.tlog\custombuild.command.1.tlog
d:\engineslist\px\mujoco\24\04\25\mjmod\bvs\_deps\qhull-build\qhullstatic_r.dir\release\qhullstatic_r.tlog\custombuild.read.1.tlog
d:\engineslist\px\mujoco\24\04\25\mjmod\bvs\_deps\qhull-build\qhullstatic_r.dir\release\qhullstatic_r.tlog\custombuild.write.1.tlog
d:\engineslist\px\mujoco\24\04\25\mjmod\bvs\_deps\qhull-build\qhullstatic_r.dir\release\qhullstatic_r.tlog\lib-link.read.1.tlog
d:\engineslist\px\mujoco\24\04\25\mjmod\bvs\_deps\qhull-build\qhullstatic_r.dir\release\qhullstatic_r.tlog\lib-link.write.1.tlog
d:\engineslist\px\mujoco\24\04\25\mjmod\bvs\_deps\qhull-build\qhullstatic_r.dir\release\qhullstatic_r.tlog\lib.command.1.tlog
